<?xml version="1.0" encoding="UTF-8"?>
<coverage generated="1544368684546" clover="3.2.0">
  <project timestamp="1544368684546" name="All files">
    <metrics statements="4" coveredstatements="0" conditionals="2" coveredconditionals="0" methods="2" coveredmethods="0" elements="8" coveredelements="0" complexity="0" loc="4" ncloc="4" packages="1" files="1" classes="1">
      <file name="category.js" path="/Users/andeladeveloper/Desktop/Light/Softwares/gitcheat/server/controllers/category.js">
        <metrics statements="4" coveredstatements="0" conditionals="2" coveredconditionals="0" methods="2" coveredmethods="0"/>
        <line num="5" count="0" type="stmt"/>
        <line num="6" count="0" type="cond" truecount="0" falsecount="2"/>
        <line num="7" count="0" type="stmt"/>
        <line num="13" count="0" type="stmt"/>
      </file>
    </metrics>
  </project>
</coverage>
