{"/Users/andeladeveloper/Desktop/Light/Softwares/gitcheat/server/controllers/category.js": {"path":"/Users/andeladeveloper/Desktop/Light/Softwares/gitcheat/server/controllers/category.js","statementMap":{"0":{"start":{"line":5,"column":4},"end":{"line":17,"column":7}},"1":{"start":{"line":6,"column":6},"end":{"line":11,"column":7}},"2":{"start":{"line":7,"column":8},"end":{"line":10,"column":11}},"3":{"start":{"line":13,"column":6},"end":{"line":16,"column":9}}},"fnMap":{"0":{"name":"(anonymous_0)","decl":{"start":{"line":4,"column":2},"end":{"line":4,"column":3}},"loc":{"start":{"line":4,"column":35},"end":{"line":18,"column":3}},"line":4},"1":{"name":"(anonymous_1)","decl":{"start":{"line":5,"column":29},"end":{"line":5,"column":30}},"loc":{"start":{"line":5,"column":52},"end":{"line":17,"column":5}},"line":5}},"branchMap":{"0":{"loc":{"start":{"line":6,"column":6},"end":{"line":11,"column":7}},"type":"if","locations":[{"start":{"line":6,"column":6},"end":{"line":11,"column":7}},{"start":{"line":6,"column":6},"end":{"line":11,"column":7}}],"line":6}},"s":{"0":0,"1":0,"2":0,"3":0},"f":{"0":0,"1":0},"b":{"0":[0,0]},"_coverageSchema":"332fd63041d2c1bcb487cc26dd0d5f7d97098a6c","hash":"a268b870f7436ebf7009e0f228edbf35e35da7d8"}
}
